{
  "stats": {
    "suites": 8,
    "tests": 41,
    "passes": 34,
    "pending": 0,
    "failures": 7,
    "testsRegistered": 41,
    "passPercent": 82.92682926829268,
    "pendingPercent": 0,
    "other": 0,
    "hasOther": false,
    "skipped": 0,
    "hasSkipped": false,
    "start": "2023-09-09T21:09:44.722Z",
    "end": "2023-09-09T21:17:06.234Z",
    "duration": 441512
  },
  "results": [
    {
      "uuid": "c76b3700-9ae1-4dd2-9ffc-b1f49b1ebd16",
      "title": "",
      "fullFile": "cypress\\e2e\\Nobi BackEnd\\ExportFeatures.js",
      "file": "cypress\\e2e\\Nobi BackEnd\\ExportFeatures.js",
      "beforeHooks": [],
      "afterHooks": [],
      "tests": [
        {
          "title": "An uncaught error was detected outside of a test",
          "fullTitle": "An uncaught error was detected outside of a test",
          "timedOut": null,
          "duration": 48,
          "state": "passed",
          "speed": "fast",
          "pass": true,
          "fail": false,
          "pending": false,
          "context": null,
          "code": "throw err;",
          "err": {},
          "uuid": "eabba82c-2b14-4dd4-9b3e-cb5d27fe449d",
          "parentUUID": "c76b3700-9ae1-4dd2-9ffc-b1f49b1ebd16",
          "isHook": false,
          "skipped": false
        }
      ],
      "suites": [],
      "passes": [
        "eabba82c-2b14-4dd4-9b3e-cb5d27fe449d"
      ],
      "failures": [],
      "pending": [],
      "skipped": [],
      "duration": 48,
      "root": true,
      "rootEmpty": false,
      "_timeout": 2000
    },
    {
      "uuid": "6fafe45e-6298-4fce-aef1-9d12d21b5078",
      "title": "",
      "fullFile": "cypress\\e2e\\Nobi BackEnd\\ExportTests.js",
      "file": "cypress\\e2e\\Nobi BackEnd\\ExportTests.js",
      "beforeHooks": [],
      "afterHooks": [],
      "tests": [
        {
          "title": "An uncaught error was detected outside of a test",
          "fullTitle": "An uncaught error was detected outside of a test",
          "timedOut": null,
          "duration": 33,
          "state": "passed",
          "speed": "fast",
          "pass": true,
          "fail": false,
          "pending": false,
          "context": null,
          "code": "throw err;",
          "err": {},
          "uuid": "bf04977d-62a2-4b66-aa55-f64dc8877c48",
          "parentUUID": "6fafe45e-6298-4fce-aef1-9d12d21b5078",
          "isHook": false,
          "skipped": false
        }
      ],
      "suites": [],
      "passes": [
        "bf04977d-62a2-4b66-aa55-f64dc8877c48"
      ],
      "failures": [],
      "pending": [],
      "skipped": [],
      "duration": 33,
      "root": true,
      "rootEmpty": false,
      "_timeout": 2000
    },
    {
      "uuid": "b015a911-9450-4b56-8d22-9479997fb0a3",
      "title": "",
      "fullFile": "cypress\\e2e\\Nobi BackEnd\\TC_Nav.js",
      "file": "cypress\\e2e\\Nobi BackEnd\\TC_Nav.js",
      "beforeHooks": [],
      "afterHooks": [],
      "tests": [],
      "suites": [
        {
          "uuid": "98f044b4-f66d-44a4-bd40-cfbc6a978b8b",
          "title": "BackEnd Nav",
          "fullFile": "",
          "file": "",
          "beforeHooks": [],
          "afterHooks": [],
          "tests": [
            {
              "title": "General Menu",
              "fullTitle": "BackEnd Nav General Menu",
              "timedOut": null,
              "duration": 3825,
              "state": "passed",
              "speed": "fast",
              "pass": true,
              "fail": false,
              "pending": false,
              "context": null,
              "code": "cy.get(\"#tabs\").contains(\"General\").trigger(\"mouseover\").then(function () {\n  cy.get(\"#general .menu\").invoke(\"show\").should(\"be.visible\");\n});",
              "err": {},
              "uuid": "8afe3eb7-e58a-453f-9601-a260e22f3eb3",
              "parentUUID": "98f044b4-f66d-44a4-bd40-cfbc6a978b8b",
              "isHook": false,
              "skipped": false
            },
            {
              "title": "Related account",
              "fullTitle": "BackEnd Nav Related account",
              "timedOut": null,
              "duration": 3558,
              "state": "passed",
              "speed": "fast",
              "pass": true,
              "fail": false,
              "pending": false,
              "context": null,
              "code": "cy.get(\"#tabs\").contains(\"Related account\").trigger(\"mouseover\").then(function () {\n  cy.get(\"#account_related .menu\").invoke(\"show\").should(\"be.visible\");\n});",
              "err": {},
              "uuid": "e06002ea-dc29-47ce-af07-2fafa9986b9e",
              "parentUUID": "98f044b4-f66d-44a4-bd40-cfbc6a978b8b",
              "isHook": false,
              "skipped": false
            }
          ],
          "suites": [],
          "passes": [
            "8afe3eb7-e58a-453f-9601-a260e22f3eb3",
            "e06002ea-dc29-47ce-af07-2fafa9986b9e"
          ],
          "failures": [],
          "pending": [],
          "skipped": [],
          "duration": 7383,
          "root": false,
          "rootEmpty": false,
          "_timeout": 2000
        }
      ],
      "passes": [],
      "failures": [],
      "pending": [],
      "skipped": [],
      "duration": 0,
      "root": true,
      "rootEmpty": true,
      "_timeout": 2000
    },
    {
      "uuid": "71ee11d1-6d93-4c0a-9d95-bda976888cf7",
      "title": "",
      "fullFile": "cypress\\e2e\\Nobi BackEnd\\TC_Nav_AI.js",
      "file": "cypress\\e2e\\Nobi BackEnd\\TC_Nav_AI.js",
      "beforeHooks": [],
      "afterHooks": [],
      "tests": [],
      "suites": [
        {
          "uuid": "1ab5ea26-1772-4470-b62c-2bd9a0887db0",
          "title": "BackEnd Nav trough AI options",
          "fullFile": "",
          "file": "",
          "beforeHooks": [],
          "afterHooks": [],
          "tests": [
            {
              "title": "AI",
              "fullTitle": "BackEnd Nav trough AI options AI",
              "timedOut": null,
              "duration": 3117,
              "state": "passed",
              "speed": "fast",
              "pass": true,
              "fail": false,
              "pending": false,
              "context": null,
              "code": "nobiNavigation_PO.ExpandMenu(\"AI\", \"ai\");",
              "err": {},
              "uuid": "637b9a78-1a0b-4557-890e-2d3111c8816a",
              "parentUUID": "1ab5ea26-1772-4470-b62c-2bd9a0887db0",
              "isHook": false,
              "skipped": false
            },
            {
              "title": "AI Detected falls",
              "fullTitle": "BackEnd Nav trough AI options AI Detected falls",
              "timedOut": null,
              "duration": 5446,
              "state": "passed",
              "speed": "medium",
              "pass": true,
              "fail": false,
              "pending": false,
              "context": null,
              "code": "nobiNavigation_PO.ExpandMenu(\"AI\", \"ai\");\ncy.get(\"#detected_falls\").contains(\"Detected falls\").click();\ncy.get(\"#page_title\").should(\"have.text\", \"Detected Falls\");",
              "err": {},
              "uuid": "eeddf1a7-c348-43e5-b758-3fbd8f95cbfd",
              "parentUUID": "1ab5ea26-1772-4470-b62c-2bd9a0887db0",
              "isHook": false,
              "skipped": false
            },
            {
              "title": "AI Download downsampled training CSV",
              "fullTitle": "BackEnd Nav trough AI options AI Download downsampled training CSV",
              "timedOut": null,
              "duration": 14073,
              "state": "failed",
              "speed": null,
              "pass": false,
              "fail": true,
              "pending": false,
              "context": null,
              "code": "nobiNavigation_PO.ExpandMenu(\"AI\", \"ai\");\ncy.get(\"#download_downsampled_training_csv\").contains(\"Download downsampled training CSV\").click();\ncy.get(\"#page_title\").should(\"have.text\", \"Download downsampled training CSV\");",
              "err": {
                "message": "AssertionError: Timed out retrying after 10000ms: Expected to find element: `#page_title`, but never found it.",
                "estack": "AssertionError: Timed out retrying after 10000ms: Expected to find element: `#page_title`, but never found it.\n    at Context.eval (cypress/e2e/Nobi BackEnd/TC_Nav_AI.js:48:26)",
                "diff": null
              },
              "uuid": "d602946d-1366-4369-8a64-eea0afce2787",
              "parentUUID": "1ab5ea26-1772-4470-b62c-2bd9a0887db0",
              "isHook": false,
              "skipped": false
            },
            {
              "title": "AI Download training CSV",
              "fullTitle": "BackEnd Nav trough AI options AI Download training CSV",
              "timedOut": null,
              "duration": 14209,
              "state": "failed",
              "speed": null,
              "pass": false,
              "fail": true,
              "pending": false,
              "context": null,
              "code": "nobiNavigation_PO.ExpandMenu(\"AI\", \"ai\");\ncy.get(\"#download_training_csv\").contains(\"Download training CSV\").click();\ncy.get(\"#page_title\").should(\"have.text\", \"Download training CSV\");",
              "err": {
                "message": "AssertionError: Timed out retrying after 10000ms: Expected to find element: `#page_title`, but never found it.",
                "estack": "AssertionError: Timed out retrying after 10000ms: Expected to find element: `#page_title`, but never found it.\n    at Context.eval (cypress/e2e/Nobi BackEnd/TC_Nav_AI.js:57:26)",
                "diff": null
              },
              "uuid": "302b2c04-ee10-4de9-bb6b-5879a219b2af",
              "parentUUID": "1ab5ea26-1772-4470-b62c-2bd9a0887db0",
              "isHook": false,
              "skipped": false
            },
            {
              "title": "AI Download upsampled training CSV",
              "fullTitle": "BackEnd Nav trough AI options AI Download upsampled training CSV",
              "timedOut": null,
              "duration": 14401,
              "state": "failed",
              "speed": null,
              "pass": false,
              "fail": true,
              "pending": false,
              "context": null,
              "code": "nobiNavigation_PO.ExpandMenu(\"AI\", \"ai\");\ncy.get(\"#download_upsampled_training_csv\").contains(\"Download upsampled training CSV\").click();\ncy.get(\"#download_upsampled_training_csv\").should(\"have.text\", \"Download upsampled training CSV\");",
              "err": {
                "message": "AssertionError: Timed out retrying after 10000ms: Expected to find element: `#download_upsampled_training_csv`, but never found it.",
                "estack": "AssertionError: Timed out retrying after 10000ms: Expected to find element: `#download_upsampled_training_csv`, but never found it.\n    at Context.eval (cypress/e2e/Nobi BackEnd/TC_Nav_AI.js:65:47)",
                "diff": null
              },
              "uuid": "e8e3a31b-f55c-4890-979a-acaf167ab87a",
              "parentUUID": "1ab5ea26-1772-4470-b62c-2bd9a0887db0",
              "isHook": false,
              "skipped": false
            },
            {
              "title": "AI Pose stats",
              "fullTitle": "BackEnd Nav trough AI options AI Pose stats",
              "timedOut": null,
              "duration": 14430,
              "state": "failed",
              "speed": null,
              "pass": false,
              "fail": true,
              "pending": false,
              "context": null,
              "code": "nobiNavigation_PO.ExpandMenu(\"AI\", \"ai\");\ncy.get(\"#pose_stats\").contains(\"Pose stats\").click();\ncy.get(\"#page_title\").should(\"have.text\", \"Pose stats\");",
              "err": {
                "message": "AssertionError: Timed out retrying after 10000ms: Expected to find element: `#page_title`, but never found it.",
                "estack": "AssertionError: Timed out retrying after 10000ms: Expected to find element: `#page_title`, but never found it.\n    at Context.eval (cypress/e2e/Nobi BackEnd/TC_Nav_AI.js:74:26)",
                "diff": null
              },
              "uuid": "19b8d4f4-b0dc-4724-bd58-3ccdba770dd8",
              "parentUUID": "1ab5ea26-1772-4470-b62c-2bd9a0887db0",
              "isHook": false,
              "skipped": false
            },
            {
              "title": "AI Turbo Annotator",
              "fullTitle": "BackEnd Nav trough AI options AI Turbo Annotator",
              "timedOut": null,
              "duration": 2765,
              "state": "passed",
              "speed": "fast",
              "pass": true,
              "fail": false,
              "pending": false,
              "context": null,
              "code": "nobiNavigation_PO.ExpandMenu(\"AI\", \"ai\");\ncy.get(\"#turbo_annotator\").contains(\"Turbo Annotator\").click();\ncy.get(\"#main-container\").contains(\"Cycle through positions with keyboard arrows. Click to annotate. Shift click to annotate all up till that one.\");\n// Set the flag to skip afterEach\ntrue, (0, _readOnlyError2[\"default\"])(\"skipLogout\");",
              "err": {},
              "uuid": "e41cc0ba-4506-40b4-a0b6-487dd4726c77",
              "parentUUID": "1ab5ea26-1772-4470-b62c-2bd9a0887db0",
              "isHook": false,
              "skipped": false
            }
          ],
          "suites": [],
          "passes": [
            "637b9a78-1a0b-4557-890e-2d3111c8816a",
            "eeddf1a7-c348-43e5-b758-3fbd8f95cbfd",
            "e41cc0ba-4506-40b4-a0b6-487dd4726c77"
          ],
          "failures": [
            "d602946d-1366-4369-8a64-eea0afce2787",
            "302b2c04-ee10-4de9-bb6b-5879a219b2af",
            "e8e3a31b-f55c-4890-979a-acaf167ab87a",
            "19b8d4f4-b0dc-4724-bd58-3ccdba770dd8"
          ],
          "pending": [],
          "skipped": [],
          "duration": 68441,
          "root": false,
          "rootEmpty": false,
          "_timeout": 2000
        }
      ],
      "passes": [],
      "failures": [],
      "pending": [],
      "skipped": [],
      "duration": 0,
      "root": true,
      "rootEmpty": true,
      "_timeout": 2000
    },
    {
      "uuid": "b7e3b01f-fbd5-42b9-88da-2721f00206f1",
      "title": "",
      "fullFile": "cypress\\e2e\\Nobi BackEnd\\TC_Nav_Dashboard.js",
      "file": "cypress\\e2e\\Nobi BackEnd\\TC_Nav_Dashboard.js",
      "beforeHooks": [],
      "afterHooks": [],
      "tests": [],
      "suites": [
        {
          "uuid": "1956b570-3b77-4a57-a4c4-f4fae6a81c40",
          "title": "BackEnd Nav Dashboard",
          "fullFile": "",
          "file": "",
          "beforeHooks": [],
          "afterHooks": [],
          "tests": [
            {
              "title": "Check Dashboard",
              "fullTitle": "BackEnd Nav Dashboard Check Dashboard",
              "timedOut": null,
              "duration": 16266,
              "state": "passed",
              "speed": "slow",
              "pass": true,
              "fail": false,
              "pending": false,
              "context": null,
              "code": "cy.get(\"#dashboard\").click();\ncy.get(\"#page_title\").should(\"have.text\", \"Dashboard\");",
              "err": {},
              "uuid": "1cf09d3f-e6fd-478f-ab18-0df81dfd237c",
              "parentUUID": "1956b570-3b77-4a57-a4c4-f4fae6a81c40",
              "isHook": false,
              "skipped": false
            }
          ],
          "suites": [],
          "passes": [
            "1cf09d3f-e6fd-478f-ab18-0df81dfd237c"
          ],
          "failures": [],
          "pending": [],
          "skipped": [],
          "duration": 16266,
          "root": false,
          "rootEmpty": false,
          "_timeout": 2000
        }
      ],
      "passes": [],
      "failures": [],
      "pending": [],
      "skipped": [],
      "duration": 0,
      "root": true,
      "rootEmpty": true,
      "_timeout": 2000
    },
    {
      "uuid": "90355b29-ad58-4cff-a7e2-0ff00dab3d67",
      "title": "",
      "fullFile": "cypress\\e2e\\Nobi BackEnd\\TC_Nav_RelatedDevice.js",
      "file": "cypress\\e2e\\Nobi BackEnd\\TC_Nav_RelatedDevice.js",
      "beforeHooks": [],
      "afterHooks": [],
      "tests": [],
      "suites": [
        {
          "uuid": "f7067ace-f122-4d38-87dd-6558526beffc",
          "title": "BackEnd Nav to Related devices",
          "fullFile": "",
          "file": "",
          "beforeHooks": [],
          "afterHooks": [],
          "tests": [
            {
              "title": "Related device",
              "fullTitle": "BackEnd Nav to Related devices Related device",
              "timedOut": null,
              "duration": 3702,
              "state": "passed",
              "speed": "fast",
              "pass": true,
              "fail": false,
              "pending": false,
              "context": null,
              "code": "nobiNavigation_PO.ExpandMenu(\"Related device\", \"device_related\");",
              "err": {},
              "uuid": "cdcb199a-253d-4abb-b2b2-4d715d7e5a04",
              "parentUUID": "f7067ace-f122-4d38-87dd-6558526beffc",
              "isHook": false,
              "skipped": false
            },
            {
              "title": "Bluetooth errors",
              "fullTitle": "BackEnd Nav to Related devices Bluetooth errors",
              "timedOut": null,
              "duration": 2989,
              "state": "passed",
              "speed": "fast",
              "pass": true,
              "fail": false,
              "pending": false,
              "context": null,
              "code": "nobiNavigation_PO.ExpandMenu(\"Related device\", \"device_related\");\ncy.get(\"#bluetooth_errors\").contains(\"Bluetooth errors\").click();\ncy.get(\"#page_title\").should(\"have.text\", \"Bluetooth errors\");",
              "err": {},
              "uuid": "db5f2e91-b8f0-4e45-bc04-175597393c8a",
              "parentUUID": "f7067ace-f122-4d38-87dd-6558526beffc",
              "isHook": false,
              "skipped": false
            },
            {
              "title": "Boot Logs",
              "fullTitle": "BackEnd Nav to Related devices Boot Logs",
              "timedOut": null,
              "duration": 3416,
              "state": "passed",
              "speed": "fast",
              "pass": true,
              "fail": false,
              "pending": false,
              "context": null,
              "code": "nobiNavigation_PO.ExpandMenu(\"Related device\", \"device_related\");\ncy.get(\"#boot_logs\").contains(\"Boot Logs\").click();\ncy.get(\"#page_title\").should(\"have.text\", \"Boot Logs\");",
              "err": {},
              "uuid": "21bfa3e6-d60a-4347-8c55-1fd5957beff5",
              "parentUUID": "f7067ace-f122-4d38-87dd-6558526beffc",
              "isHook": false,
              "skipped": false
            },
            {
              "title": "Captures",
              "fullTitle": "BackEnd Nav to Related devices Captures",
              "timedOut": null,
              "duration": 3815,
              "state": "passed",
              "speed": "fast",
              "pass": true,
              "fail": false,
              "pending": false,
              "context": null,
              "code": "nobiNavigation_PO.ExpandMenu(\"Related device\", \"device_related\");\ncy.get(\"#device_captures\").contains(\"Captures\").click();\ncy.get(\"#page_title\").should(\"have.text\", \"Captures\");",
              "err": {},
              "uuid": "71bba0de-9689-4aae-9b2e-d893ec51a4b2",
              "parentUUID": "f7067ace-f122-4d38-87dd-6558526beffc",
              "isHook": false,
              "skipped": false
            },
            {
              "title": "Connections",
              "fullTitle": "BackEnd Nav to Related devices Connections",
              "timedOut": null,
              "duration": 3769,
              "state": "passed",
              "speed": "fast",
              "pass": true,
              "fail": false,
              "pending": false,
              "context": null,
              "code": "nobiNavigation_PO.ExpandMenu(\"Related device\", \"device_related\");\ncy.get(\"#connections\").contains(\"Connections\").click();\ncy.get(\"#page_title\").should(\"have.text\", \"Connections\");",
              "err": {},
              "uuid": "85aabbb7-9c6e-4ee0-af47-a85cf3d258a4",
              "parentUUID": "f7067ace-f122-4d38-87dd-6558526beffc",
              "isHook": false,
              "skipped": false
            },
            {
              "title": "Device Issues",
              "fullTitle": "BackEnd Nav to Related devices Device Issues",
              "timedOut": null,
              "duration": 3476,
              "state": "passed",
              "speed": "fast",
              "pass": true,
              "fail": false,
              "pending": false,
              "context": null,
              "code": "nobiNavigation_PO.ExpandMenu(\"Related device\", \"device_related\");\ncy.get(\"#views_device_issues\").contains(\"Device Issues\").click();\ncy.get(\"#page_title\").should(\"have.text\", \"Device Issues\");",
              "err": {},
              "uuid": "d3f35c51-0c2a-46dd-966d-61e9c1815249",
              "parentUUID": "f7067ace-f122-4d38-87dd-6558526beffc",
              "isHook": false,
              "skipped": false
            },
            {
              "title": "Device Parameters",
              "fullTitle": "BackEnd Nav to Related devices Device Parameters",
              "timedOut": null,
              "duration": 3436,
              "state": "passed",
              "speed": "fast",
              "pass": true,
              "fail": false,
              "pending": false,
              "context": null,
              "code": "nobiNavigation_PO.ExpandMenu(\"Related device\", \"device_related\");\ncy.get(\"#device_parameters\").contains(\"Device Parameters\").click();\ncy.get(\"#page_title\").should(\"have.text\", \"Device Parameters\");",
              "err": {},
              "uuid": "1628bee3-4e58-4c89-ae6c-45be4e6887ca",
              "parentUUID": "f7067ace-f122-4d38-87dd-6558526beffc",
              "isHook": false,
              "skipped": false
            },
            {
              "title": "Devices",
              "fullTitle": "BackEnd Nav to Related devices Devices",
              "timedOut": null,
              "duration": 3874,
              "state": "passed",
              "speed": "fast",
              "pass": true,
              "fail": false,
              "pending": false,
              "context": null,
              "code": "nobiNavigation_PO.ExpandMenu(\"Related device\", \"device_related\");\ncy.get(\"#devices\").contains(\"Devices\").click();\ncy.get(\"#page_title\").should(\"have.text\", \"Devices\");",
              "err": {},
              "uuid": "825608f7-c5eb-4401-935e-dd223bbdad78",
              "parentUUID": "f7067ace-f122-4d38-87dd-6558526beffc",
              "isHook": false,
              "skipped": false
            },
            {
              "title": "Dumps",
              "fullTitle": "BackEnd Nav to Related devices Dumps",
              "timedOut": null,
              "duration": 3877,
              "state": "passed",
              "speed": "fast",
              "pass": true,
              "fail": false,
              "pending": false,
              "context": null,
              "code": "nobiNavigation_PO.ExpandMenu(\"Related device\", \"device_related\");\ncy.get(\"#dumps\").contains(\"Dumps\").click();\ncy.get(\"#page_title\").should(\"have.text\", \"Dumps\");",
              "err": {},
              "uuid": "b17b9e39-93da-4d57-9221-96c55eda25cf",
              "parentUUID": "f7067ace-f122-4d38-87dd-6558526beffc",
              "isHook": false,
              "skipped": false
            },
            {
              "title": "Hardware Devices",
              "fullTitle": "BackEnd Nav to Related devices Hardware Devices",
              "timedOut": null,
              "duration": 3956,
              "state": "passed",
              "speed": "fast",
              "pass": true,
              "fail": false,
              "pending": false,
              "context": null,
              "code": "nobiNavigation_PO.ExpandMenu(\"Related device\", \"device_related\");\ncy.get(\"#hardware_devices\").contains(\"Hardware Devices\").click();\ncy.get(\"#page_title\").should(\"have.text\", \"Hardware Devices\");",
              "err": {},
              "uuid": "ced29221-c1c8-43df-b2bc-e5c077326ca8",
              "parentUUID": "f7067ace-f122-4d38-87dd-6558526beffc",
              "isHook": false,
              "skipped": false
            },
            {
              "title": "Housing units",
              "fullTitle": "BackEnd Nav to Related devices Housing units",
              "timedOut": null,
              "duration": 3315,
              "state": "passed",
              "speed": "fast",
              "pass": true,
              "fail": false,
              "pending": false,
              "context": null,
              "code": "nobiNavigation_PO.ExpandMenu(\"Related device\", \"device_related\");\ncy.get(\"#housing_units\").contains(\"Housing units\").click();\ncy.get(\"#page_title\").should(\"have.text\", \"Housing units\");",
              "err": {},
              "uuid": "50ec9ac5-7613-4406-85e8-627276b528c6",
              "parentUUID": "f7067ace-f122-4d38-87dd-6558526beffc",
              "isHook": false,
              "skipped": false
            },
            {
              "title": "Ignored Poses",
              "fullTitle": "BackEnd Nav to Related devices Ignored Poses",
              "timedOut": null,
              "duration": 13929,
              "state": "failed",
              "speed": null,
              "pass": false,
              "fail": true,
              "pending": false,
              "context": null,
              "code": "nobiNavigation_PO.ExpandMenu(\"Related device\", \"device_related\");\ncy.get(\"#menu_item\").contains(\"Ignored Poses\").click();\ncy.get(\"#page_title\").should(\"have.text\", \"Ignored Poses\");",
              "err": {
                "message": "AssertionError: Timed out retrying after 10000ms: Expected to find element: `#menu_item`, but never found it.",
                "estack": "AssertionError: Timed out retrying after 10000ms: Expected to find element: `#menu_item`, but never found it.\n    at Context.eval (cypress/e2e/Nobi BackEnd/TC_Nav_RelatedDevice.js:95:7)",
                "diff": null
              },
              "uuid": "881c333e-bd7e-41ba-b4d2-ff2f4e06bed5",
              "parentUUID": "f7067ace-f122-4d38-87dd-6558526beffc",
              "isHook": false,
              "skipped": false
            },
            {
              "title": "Object detections",
              "fullTitle": "BackEnd Nav to Related devices Object detections",
              "timedOut": null,
              "duration": 3934,
              "state": "passed",
              "speed": "fast",
              "pass": true,
              "fail": false,
              "pending": false,
              "context": null,
              "code": "nobiNavigation_PO.ExpandMenu(\"Related device\", \"device_related\");\ncy.get(\"#object_detections\").contains(\"Object detections\").click();\ncy.get(\"#page_title\").should(\"have.text\", \"Object detections\");",
              "err": {},
              "uuid": "9b6304ef-7875-4908-97dc-93fcd3228c08",
              "parentUUID": "f7067ace-f122-4d38-87dd-6558526beffc",
              "isHook": false,
              "skipped": false
            },
            {
              "title": "Peripherals",
              "fullTitle": "BackEnd Nav to Related devices Peripherals",
              "timedOut": null,
              "duration": 14875,
              "state": "failed",
              "speed": null,
              "pass": false,
              "fail": true,
              "pending": false,
              "context": null,
              "code": "nobiNavigation_PO.ExpandMenu(\"Related device\", \"device_related\");\ncy.get(\"#peripherals\").contains(\"Peripherals\").click();\ncy.get(\"#page_title\").should(\"have.text\", \"Peripherals\");",
              "err": {
                "message": "AssertionError: Timed out retrying after 10000ms: Expected to find element: `#page_title`, but never found it.",
                "estack": "AssertionError: Timed out retrying after 10000ms: Expected to find element: `#page_title`, but never found it.\n    at Context.eval (cypress/e2e/Nobi BackEnd/TC_Nav_RelatedDevice.js:108:26)",
                "diff": null
              },
              "uuid": "5b7429ca-77aa-48a4-9546-b242e39df4d0",
              "parentUUID": "f7067ace-f122-4d38-87dd-6558526beffc",
              "isHook": false,
              "skipped": false
            },
            {
              "title": "Person Poses",
              "fullTitle": "BackEnd Nav to Related devices Person Poses",
              "timedOut": null,
              "duration": 4907,
              "state": "passed",
              "speed": "fast",
              "pass": true,
              "fail": false,
              "pending": false,
              "context": null,
              "code": "nobiNavigation_PO.ExpandMenu(\"Related device\", \"device_related\");\ncy.get(\"#person_poses\").contains(\"Person Poses\").click();\ncy.get(\"#page_title\").should(\"have.text\", \"Person Poses\");",
              "err": {},
              "uuid": "62801f87-1e18-4a13-aa21-11992bc32f85",
              "parentUUID": "f7067ace-f122-4d38-87dd-6558526beffc",
              "isHook": false,
              "skipped": false
            },
            {
              "title": "Radar detections",
              "fullTitle": "BackEnd Nav to Related devices Radar detections",
              "timedOut": null,
              "duration": 5107,
              "state": "passed",
              "speed": "medium",
              "pass": true,
              "fail": false,
              "pending": false,
              "context": null,
              "code": "nobiNavigation_PO.ExpandMenu(\"Related device\", \"device_related\");\ncy.get(\"#radar_detections\").contains(\"Radar detections\").click();\ncy.get(\"#page_title\").should(\"have.text\", \"Radar detections\");",
              "err": {},
              "uuid": "ccb5e211-a7cc-4800-bdde-c48f6074c8fa",
              "parentUUID": "f7067ace-f122-4d38-87dd-6558526beffc",
              "isHook": false,
              "skipped": false
            },
            {
              "title": "Speech Recordings",
              "fullTitle": "BackEnd Nav to Related devices Speech Recordings",
              "timedOut": null,
              "duration": 4287,
              "state": "passed",
              "speed": "fast",
              "pass": true,
              "fail": false,
              "pending": false,
              "context": null,
              "code": "nobiNavigation_PO.ExpandMenu(\"Related device\", \"device_related\");\ncy.get(\"#speech_recordings\").contains(\"Speech Recordings\").click();\ncy.get(\"#page_title\").should(\"have.text\", \"Speech Recordings\");",
              "err": {},
              "uuid": "f6447e32-d278-4ee0-804f-01f1c9dfd9fe",
              "parentUUID": "f7067ace-f122-4d38-87dd-6558526beffc",
              "isHook": false,
              "skipped": false
            },
            {
              "title": "Speeches",
              "fullTitle": "BackEnd Nav to Related devices Speeches",
              "timedOut": null,
              "duration": 14987,
              "state": "failed",
              "speed": null,
              "pass": false,
              "fail": true,
              "pending": false,
              "context": null,
              "code": "nobiNavigation_PO.ExpandMenu(\"Related device\", \"device_related\");\ncy.get(\"#speeches\").contains(\"Speeches\").click();\ncy.get(\"#page_title\").should(\"have.text\", \"Speeches\");",
              "err": {
                "message": "AssertionError: Timed out retrying after 10000ms: Expected to find element: `#page_title`, but never found it.",
                "estack": "AssertionError: Timed out retrying after 10000ms: Expected to find element: `#page_title`, but never found it.\n    at Context.eval (cypress/e2e/Nobi BackEnd/TC_Nav_RelatedDevice.js:132:26)",
                "diff": null
              },
              "uuid": "ed3120a8-f3d1-4849-9d59-7be1decfbf46",
              "parentUUID": "f7067ace-f122-4d38-87dd-6558526beffc",
              "isHook": false,
              "skipped": false
            },
            {
              "title": "Tunnels",
              "fullTitle": "BackEnd Nav to Related devices Tunnels",
              "timedOut": null,
              "duration": 3940,
              "state": "passed",
              "speed": "fast",
              "pass": true,
              "fail": false,
              "pending": false,
              "context": null,
              "code": "nobiNavigation_PO.ExpandMenu(\"Related device\", \"device_related\");\ncy.get(\"#hardware_device_tunnels\").contains(\"Tunnels\").click();\ncy.get(\"#page_title\").should(\"have.text\", \"Tunnels\");",
              "err": {},
              "uuid": "da85840e-e362-4e54-8ede-6cbe1f0a7622",
              "parentUUID": "f7067ace-f122-4d38-87dd-6558526beffc",
              "isHook": false,
              "skipped": false
            }
          ],
          "suites": [],
          "passes": [
            "cdcb199a-253d-4abb-b2b2-4d715d7e5a04",
            "db5f2e91-b8f0-4e45-bc04-175597393c8a",
            "21bfa3e6-d60a-4347-8c55-1fd5957beff5",
            "71bba0de-9689-4aae-9b2e-d893ec51a4b2",
            "85aabbb7-9c6e-4ee0-af47-a85cf3d258a4",
            "d3f35c51-0c2a-46dd-966d-61e9c1815249",
            "1628bee3-4e58-4c89-ae6c-45be4e6887ca",
            "825608f7-c5eb-4401-935e-dd223bbdad78",
            "b17b9e39-93da-4d57-9221-96c55eda25cf",
            "ced29221-c1c8-43df-b2bc-e5c077326ca8",
            "50ec9ac5-7613-4406-85e8-627276b528c6",
            "9b6304ef-7875-4908-97dc-93fcd3228c08",
            "62801f87-1e18-4a13-aa21-11992bc32f85",
            "ccb5e211-a7cc-4800-bdde-c48f6074c8fa",
            "f6447e32-d278-4ee0-804f-01f1c9dfd9fe",
            "da85840e-e362-4e54-8ede-6cbe1f0a7622"
          ],
          "failures": [
            "881c333e-bd7e-41ba-b4d2-ff2f4e06bed5",
            "5b7429ca-77aa-48a4-9546-b242e39df4d0",
            "ed3120a8-f3d1-4849-9d59-7be1decfbf46"
          ],
          "pending": [],
          "skipped": [],
          "duration": 105591,
          "root": false,
          "rootEmpty": false,
          "_timeout": 2000
        }
      ],
      "passes": [],
      "failures": [],
      "pending": [],
      "skipped": [],
      "duration": 0,
      "root": true,
      "rootEmpty": true,
      "_timeout": 2000
    },
    {
      "uuid": "fdbdf506-bead-4983-a0cc-21491e841468",
      "title": "",
      "fullFile": "cypress\\e2e\\Nobi BackEnd\\TC_Nav_RelatedResident.js",
      "file": "cypress\\e2e\\Nobi BackEnd\\TC_Nav_RelatedResident.js",
      "beforeHooks": [],
      "afterHooks": [],
      "tests": [],
      "suites": [
        {
          "uuid": "228637b3-dd4d-4da9-a8f0-6f74a5099667",
          "title": "BackEnd Nav to Related residents",
          "fullFile": "",
          "file": "",
          "beforeHooks": [],
          "afterHooks": [],
          "tests": [
            {
              "title": "Related resident",
              "fullTitle": "BackEnd Nav to Related residents Related resident",
              "timedOut": null,
              "duration": 22109,
              "state": "passed",
              "speed": "slow",
              "pass": true,
              "fail": false,
              "pending": false,
              "context": null,
              "code": "nobiNavigation_PO.ExpandMenu(\"Related resident\", \"resident_related\");",
              "err": {},
              "uuid": "bc5e0c9e-2360-4c69-853c-1367f3c49447",
              "parentUUID": "228637b3-dd4d-4da9-a8f0-6f74a5099667",
              "isHook": false,
              "skipped": false
            },
            {
              "title": "Residents",
              "fullTitle": "BackEnd Nav to Related residents Residents",
              "timedOut": null,
              "duration": 4163,
              "state": "passed",
              "speed": "fast",
              "pass": true,
              "fail": false,
              "pending": false,
              "context": null,
              "code": "nobiNavigation_PO.ExpandMenu(\"Related resident\", \"resident_related\");\ncy.get(\"#residents\").contains(\"Residents\").click();\ncy.get(\"#page_title\").should(\"have.text\", \"Residents\");",
              "err": {},
              "uuid": "e4fb5ffe-5b42-4ea6-b49e-88cf36c94418",
              "parentUUID": "228637b3-dd4d-4da9-a8f0-6f74a5099667",
              "isHook": false,
              "skipped": false
            },
            {
              "title": "Escalation Verification Details",
              "fullTitle": "BackEnd Nav to Related residents Escalation Verification Details",
              "timedOut": null,
              "duration": 6993,
              "state": "passed",
              "speed": "medium",
              "pass": true,
              "fail": false,
              "pending": false,
              "context": null,
              "code": "nobiNavigation_PO.ExpandMenu(\"Related resident\", \"resident_related\");\ncy.get(\"#views_escalation_verification_details\").contains(\"Escalation Verification Details\").click();\ncy.get(\"#page_title\").should(\"have.text\", \"Escalation Verification Details\");",
              "err": {},
              "uuid": "a89cdb26-34a9-4704-a4bd-f6db53dcccee",
              "parentUUID": "228637b3-dd4d-4da9-a8f0-6f74a5099667",
              "isHook": false,
              "skipped": false
            },
            {
              "title": "Escalations",
              "fullTitle": "BackEnd Nav to Related residents Escalations",
              "timedOut": null,
              "duration": 4677,
              "state": "passed",
              "speed": "fast",
              "pass": true,
              "fail": false,
              "pending": false,
              "context": null,
              "code": "nobiNavigation_PO.ExpandMenu(\"Related resident\", \"resident_related\");\ncy.get(\"#escalation_events\").contains(\"Escalations\").click();\ncy.get(\"#page_title\").should(\"have.text\", \"Escalations\");",
              "err": {},
              "uuid": "d013bf29-de30-4a57-9e5e-a9d92feea8dd",
              "parentUUID": "228637b3-dd4d-4da9-a8f0-6f74a5099667",
              "isHook": false,
              "skipped": false
            },
            {
              "title": "Communications",
              "fullTitle": "BackEnd Nav to Related residents Communications",
              "timedOut": null,
              "duration": 4118,
              "state": "passed",
              "speed": "fast",
              "pass": true,
              "fail": false,
              "pending": false,
              "context": null,
              "code": "nobiNavigation_PO.ExpandMenu(\"Related resident\", \"resident_related\");\ncy.get(\"#escalation_communications\").contains(\"Communications\").click();\ncy.get(\"#page_title\").should(\"have.text\", \"Communications\");",
              "err": {},
              "uuid": "3d93858a-ac22-47c0-bd84-5341023a7da8",
              "parentUUID": "228637b3-dd4d-4da9-a8f0-6f74a5099667",
              "isHook": false,
              "skipped": false
            },
            {
              "title": "Measurements",
              "fullTitle": "BackEnd Nav to Related residents Measurements",
              "timedOut": null,
              "duration": 3896,
              "state": "passed",
              "speed": "fast",
              "pass": true,
              "fail": false,
              "pending": false,
              "context": null,
              "code": "nobiNavigation_PO.ExpandMenu(\"Related resident\", \"resident_related\");\ncy.get(\"#resident_measurements\").contains(\"Measurements\").click();\ncy.get(\"#page_title\").should(\"have.text\", \"Measurements\");",
              "err": {},
              "uuid": "8505e398-7a4b-439b-b596-8917f0fed18a",
              "parentUUID": "228637b3-dd4d-4da9-a8f0-6f74a5099667",
              "isHook": false,
              "skipped": false
            },
            {
              "title": "Parameters",
              "fullTitle": "BackEnd Nav to Related residents Parameters",
              "timedOut": null,
              "duration": 3987,
              "state": "passed",
              "speed": "fast",
              "pass": true,
              "fail": false,
              "pending": false,
              "context": null,
              "code": "nobiNavigation_PO.ExpandMenu(\"Related resident\", \"resident_related\");\ncy.get(\"#resident_parameters\").contains(\"Parameters\").click();\ncy.get(\"#page_title\").should(\"have.text\", \"Parameters\");",
              "err": {},
              "uuid": "a8f1911b-35a0-428f-8cd3-57f229d212db",
              "parentUUID": "228637b3-dd4d-4da9-a8f0-6f74a5099667",
              "isHook": false,
              "skipped": false
            },
            {
              "title": "Memberships",
              "fullTitle": "BackEnd Nav to Related residents Memberships",
              "timedOut": null,
              "duration": 4028,
              "state": "passed",
              "speed": "fast",
              "pass": true,
              "fail": false,
              "pending": false,
              "context": null,
              "code": "nobiNavigation_PO.ExpandMenu(\"Related resident\", \"resident_related\");\ncy.get(\"#memberships\").contains(\"Memberships\").click();\ncy.get(\"#page_title\").should(\"have.text\", \"Memberships\");",
              "err": {},
              "uuid": "e67596ad-89c7-4e78-ba71-d72f224e22ef",
              "parentUUID": "228637b3-dd4d-4da9-a8f0-6f74a5099667",
              "isHook": false,
              "skipped": false
            },
            {
              "title": "Warnings",
              "fullTitle": "BackEnd Nav to Related residents Warnings",
              "timedOut": null,
              "duration": 4070,
              "state": "passed",
              "speed": "fast",
              "pass": true,
              "fail": false,
              "pending": false,
              "context": null,
              "code": "nobiNavigation_PO.ExpandMenu(\"Related resident\", \"resident_related\");\ncy.get(\"#alerts\").contains(\"Warnings\").click();\ncy.get(\"#page_title\").should(\"have.text\", \"Warnings\");",
              "err": {},
              "uuid": "df0b1a31-c4e2-4a6c-9538-f84a6af98f8e",
              "parentUUID": "228637b3-dd4d-4da9-a8f0-6f74a5099667",
              "isHook": false,
              "skipped": false
            }
          ],
          "suites": [],
          "passes": [
            "bc5e0c9e-2360-4c69-853c-1367f3c49447",
            "e4fb5ffe-5b42-4ea6-b49e-88cf36c94418",
            "a89cdb26-34a9-4704-a4bd-f6db53dcccee",
            "d013bf29-de30-4a57-9e5e-a9d92feea8dd",
            "3d93858a-ac22-47c0-bd84-5341023a7da8",
            "8505e398-7a4b-439b-b596-8917f0fed18a",
            "a8f1911b-35a0-428f-8cd3-57f229d212db",
            "e67596ad-89c7-4e78-ba71-d72f224e22ef",
            "df0b1a31-c4e2-4a6c-9538-f84a6af98f8e"
          ],
          "failures": [],
          "pending": [],
          "skipped": [],
          "duration": 58041,
          "root": false,
          "rootEmpty": false,
          "_timeout": 2000
        }
      ],
      "passes": [],
      "failures": [],
      "pending": [],
      "skipped": [],
      "duration": 0,
      "root": true,
      "rootEmpty": true,
      "_timeout": 2000
    },
    {
      "uuid": "780ecd5d-63cb-418f-a5ba-d6412efe72f3",
      "title": "",
      "fullFile": "cypress\\e2e\\Nobi BackEnd\\TC_Nav_Settings.js",
      "file": "cypress\\e2e\\Nobi BackEnd\\TC_Nav_Settings.js",
      "beforeHooks": [],
      "afterHooks": [],
      "tests": [],
      "suites": [
        {
          "uuid": "9328a4f1-61ef-45c6-a386-5fd643773645",
          "title": "BackEnd Nav to Settings",
          "fullFile": "",
          "file": "",
          "beforeHooks": [],
          "afterHooks": [],
          "tests": [
            {
              "title": "Check Settings",
              "fullTitle": "BackEnd Nav to Settings Check Settings",
              "timedOut": null,
              "duration": 4487,
              "state": "passed",
              "speed": "fast",
              "pass": true,
              "fail": false,
              "pending": false,
              "context": null,
              "code": "cy.get(\"#global_settings\").click();\ncy.get(\"#page_title\").should(\"have.text\", \"Settings\");",
              "err": {},
              "uuid": "ec985f55-76c9-4ad0-9c76-6ff62407050c",
              "parentUUID": "9328a4f1-61ef-45c6-a386-5fd643773645",
              "isHook": false,
              "skipped": false
            }
          ],
          "suites": [],
          "passes": [
            "ec985f55-76c9-4ad0-9c76-6ff62407050c"
          ],
          "failures": [],
          "pending": [],
          "skipped": [],
          "duration": 4487,
          "root": false,
          "rootEmpty": false,
          "_timeout": 2000
        }
      ],
      "passes": [],
      "failures": [],
      "pending": [],
      "skipped": [],
      "duration": 0,
      "root": true,
      "rootEmpty": true,
      "_timeout": 2000
    }
  ],
  "meta": {
    "mocha": {
      "version": "7.0.1"
    },
    "mochawesome": {
      "options": {
        "quiet": false,
        "reportFilename": "mochawesome",
        "saveHtml": false,
        "saveJson": true,
        "consoleReporter": "spec",
        "useInlineDiffs": false,
        "code": true
      },
      "version": "7.1.3"
    },
    "marge": {
      "options": {
        "id": "default",
        "reportDir": "cypress/results/mochawesome",
        "quite": true,
        "overwrite": false,
        "html": false,
        "json": true
      },
      "version": "6.2.0"
    }
  }
}