{
  "stats": {
    "suites": 6,
    "tests": 19,
    "passes": 19,
    "pending": 0,
    "failures": 0,
    "testsRegistered": 19,
    "passPercent": 100,
    "pendingPercent": 0,
    "other": 0,
    "hasOther": false,
    "skipped": 0,
    "hasSkipped": false,
    "start": "2023-09-06T11:00:00.279Z",
    "end": "2023-09-06T11:03:07.285Z",
    "duration": 187006
  },
  "results": [
    {
      "uuid": "f27ea5c9-83c6-4dc7-bd0b-82b9a6cb8dec",
      "title": "",
      "fullFile": "cypress\\e2e\\Nobi FrontEnd\\01-TC_Login.js",
      "file": "cypress\\e2e\\Nobi FrontEnd\\01-TC_Login.js",
      "beforeHooks": [],
      "afterHooks": [],
      "tests": [],
      "suites": [
        {
          "uuid": "6b5b07df-ff49-4103-bdfa-b3a852aa698f",
          "title": "Login functionality",
          "fullFile": "",
          "file": "",
          "beforeHooks": [],
          "afterHooks": [],
          "tests": [
            {
              "title": "Login with valid credentials",
              "fullTitle": "Login functionality Login with valid credentials",
              "timedOut": null,
              "duration": 5458,
              "state": "passed",
              "speed": "medium",
              "pass": true,
              "fail": false,
              "pending": false,
              "context": null,
              "code": "nobiLogin_PO.LoginData(email, pwd);\nnobiLogin_PO.SignIn();\nnobiLogin_PO.Menu(\"Sign out\", 0);\nnobiLogin_PO.MsgBox(\"Signed out successfully.\");",
              "err": {},
              "uuid": "0bee3705-4f1b-4814-9803-3e5b16fafd5d",
              "parentUUID": "6b5b07df-ff49-4103-bdfa-b3a852aa698f",
              "isHook": false,
              "skipped": false
            },
            {
              "title": "Login With Invalid Credentials",
              "fullTitle": "Login functionality Login With Invalid Credentials",
              "timedOut": null,
              "duration": 4317,
              "state": "passed",
              "speed": "fast",
              "pass": true,
              "fail": false,
              "pending": false,
              "context": null,
              "code": "nobiLogin_PO.LoginData(email, \"q\");\nnobiLogin_PO.SignIn();\nnobiLogin_PO.MsgBox(\"Invalid Email or password.\");",
              "err": {},
              "uuid": "9154683b-811f-4488-8946-7f0dbbb28a41",
              "parentUUID": "6b5b07df-ff49-4103-bdfa-b3a852aa698f",
              "isHook": false,
              "skipped": false
            },
            {
              "title": "Forgot Password",
              "fullTitle": "Login functionality Forgot Password",
              "timedOut": null,
              "duration": 3691,
              "state": "passed",
              "speed": "fast",
              "pass": true,
              "fail": false,
              "pending": false,
              "context": null,
              "code": "nobiLogin_PO.ForgotPassword();\nnobiLogin_PO.MsgBox(\"If your email exists on our database, you will receive a password recovery link on your email\");",
              "err": {},
              "uuid": "43cd5226-2bf0-4b31-9a6b-460f855ebb65",
              "parentUUID": "6b5b07df-ff49-4103-bdfa-b3a852aa698f",
              "isHook": false,
              "skipped": false
            },
            {
              "title": "Create a new family",
              "fullTitle": "Login functionality Create a new family",
              "timedOut": null,
              "duration": 2009,
              "state": "passed",
              "speed": "fast",
              "pass": true,
              "fail": false,
              "pending": false,
              "context": null,
              "code": "nobiLogin_PO.addNewFamily();\nvar r = (Math.random() + 1).toString(36).substring(7);\nnobiLogin_PO.UserInformation(\"Nicolas\", \"Gomes\", \"nicolas.gomes\" + r + \"@nobi.life\", \"demouser\");",
              "err": {},
              "uuid": "320cc4e4-ffc2-4f03-9c38-66dcd0bd32f3",
              "parentUUID": "6b5b07df-ff49-4103-bdfa-b3a852aa698f",
              "isHook": false,
              "skipped": false
            }
          ],
          "suites": [],
          "passes": [
            "0bee3705-4f1b-4814-9803-3e5b16fafd5d",
            "9154683b-811f-4488-8946-7f0dbbb28a41",
            "43cd5226-2bf0-4b31-9a6b-460f855ebb65",
            "320cc4e4-ffc2-4f03-9c38-66dcd0bd32f3"
          ],
          "failures": [],
          "pending": [],
          "skipped": [],
          "duration": 15475,
          "root": false,
          "rootEmpty": false,
          "_timeout": 2000
        }
      ],
      "passes": [],
      "failures": [],
      "pending": [],
      "skipped": [],
      "duration": 0,
      "root": true,
      "rootEmpty": true,
      "_timeout": 2000
    },
    {
      "uuid": "41ade656-0362-4dc5-869c-63902d57b581",
      "title": "",
      "fullFile": "cypress\\e2e\\Nobi FrontEnd\\02-TC_Users.js",
      "file": "cypress\\e2e\\Nobi FrontEnd\\02-TC_Users.js",
      "beforeHooks": [],
      "afterHooks": [],
      "tests": [],
      "suites": [
        {
          "uuid": "e4d1edbc-149e-4b01-a345-ae9e0e7a5097",
          "title": "Users Management",
          "fullFile": "",
          "file": "",
          "beforeHooks": [],
          "afterHooks": [],
          "tests": [
            {
              "title": "Creation of user",
              "fullTitle": "Users Management Creation of user",
              "timedOut": null,
              "duration": 9465,
              "state": "passed",
              "speed": "medium",
              "pass": true,
              "fail": false,
              "pending": false,
              "context": null,
              "code": "nobiLogin_PO.Menu(\"Users\", \"Management\");\nnobiUsers_PO.adduser();\nnobiUsers_PO.addUserInfo(\"nicolas\" + r + \"@nobi.life\", \"Hello\", \"LastName\", \"Dutch\", \"Manager\", \"+32490666011\");\nnobiLogin_PO.MsgBox(\"Successfully added\");",
              "err": {},
              "uuid": "5c05a49a-0085-42de-8e17-6c48cfaedb18",
              "parentUUID": "e4d1edbc-149e-4b01-a345-ae9e0e7a5097",
              "isHook": false,
              "skipped": false
            },
            {
              "title": "Edition of a user",
              "fullTitle": "Users Management Edition of a user",
              "timedOut": null,
              "duration": 8655,
              "state": "passed",
              "speed": "medium",
              "pass": true,
              "fail": false,
              "pending": false,
              "context": null,
              "code": "nobiLogin_PO.Menu(\"Users\", \"Management\");\ncy.contains(\"tr\", \"nicolas\" + r + \"@nobi.life\").within(function () {\n  cy.contains(\"Edit\").click();\n});\ncy.get(\"#user_phone\").clear().type(\"+32490666012\");\ncy.get(\"#submit_btn\").click();\nnobiLogin_PO.MsgBox(\"Successfully updated\");\ncy.contains(\"tr\", \"nicolas\" + r + \"@nobi.life\").within(function () {\n  cy.contains(\"+32490666012\");\n});",
              "err": {},
              "uuid": "076118e4-4bb5-46a5-bfe3-4ddaea1ed93e",
              "parentUUID": "e4d1edbc-149e-4b01-a345-ae9e0e7a5097",
              "isHook": false,
              "skipped": false
            },
            {
              "title": "Resend invitation present",
              "fullTitle": "Users Management Resend invitation present",
              "timedOut": null,
              "duration": 5454,
              "state": "passed",
              "speed": "medium",
              "pass": true,
              "fail": false,
              "pending": false,
              "context": null,
              "code": "nobiLogin_PO.Menu(\"Users\");\ncy.contains(\"tr\", \"nicolas1uxwck@nobi.life\").within(function () {\n  cy.contains(\"Resend invitation\");\n});\n//  nobiLogin_PO.MsgBox(\"Invitation sent. Ask the user to check his/her email.\");",
              "err": {},
              "uuid": "dcf0c4c9-683c-4c04-bf21-187c37600cbc",
              "parentUUID": "e4d1edbc-149e-4b01-a345-ae9e0e7a5097",
              "isHook": false,
              "skipped": false
            },
            {
              "title": "Delete user but cancel the action",
              "fullTitle": "Users Management Delete user but cancel the action",
              "timedOut": null,
              "duration": 5068,
              "state": "passed",
              "speed": "medium",
              "pass": true,
              "fail": false,
              "pending": false,
              "context": null,
              "code": "nobiLogin_PO.Menu(\"Users\");\ncy.contains(\"tr\", \"nicolas\" + r + \"@nobi.life\").find('a[data-role=\"delete user role\"]').click();\ncy.get(\".swal2-popup\").should(\"be.visible\");\ncy.get(\"#swal2-title\").should(\"have.text\", \"Are you sure?\");\ncy.get(\"#swal2-html-container\").should(\"have.text\", \"Please confirm that you want to remove this user role?\");\ncy.get(\".swal2-cancel\").should(\"have.text\", \"Cancel\").click();",
              "err": {},
              "uuid": "e6aa4b8e-728e-4023-be55-248fbf07d159",
              "parentUUID": "e4d1edbc-149e-4b01-a345-ae9e0e7a5097",
              "isHook": false,
              "skipped": false
            },
            {
              "title": "Delete user",
              "fullTitle": "Users Management Delete user",
              "timedOut": null,
              "duration": 8119,
              "state": "passed",
              "speed": "medium",
              "pass": true,
              "fail": false,
              "pending": false,
              "context": null,
              "code": "nobiLogin_PO.Menu(\"Users\");\ncy.contains(\"tr\", \"nicolas\" + r + \"@nobi.life\").find('a[data-role=\"delete user role\"]').click();\ncy.get(\".swal2-popup\").should(\"be.visible\");\ncy.get(\"#swal2-title\").should(\"have.text\", \"Are you sure?\");\ncy.get(\"#swal2-html-container\").should(\"have.text\", \"Please confirm that you want to remove this user role?\");\ncy.get(\".swal2-confirm\").should(\"have.text\", \"Yes\").click();\nnobiLogin_PO.MsgBox(\"User role was successfully deleted.\");",
              "err": {},
              "uuid": "1380a16e-10a3-4271-b4b0-c3a32bbb8e2c",
              "parentUUID": "e4d1edbc-149e-4b01-a345-ae9e0e7a5097",
              "isHook": false,
              "skipped": false
            }
          ],
          "suites": [],
          "passes": [
            "5c05a49a-0085-42de-8e17-6c48cfaedb18",
            "076118e4-4bb5-46a5-bfe3-4ddaea1ed93e",
            "dcf0c4c9-683c-4c04-bf21-187c37600cbc",
            "e6aa4b8e-728e-4023-be55-248fbf07d159",
            "1380a16e-10a3-4271-b4b0-c3a32bbb8e2c"
          ],
          "failures": [],
          "pending": [],
          "skipped": [],
          "duration": 36761,
          "root": false,
          "rootEmpty": false,
          "_timeout": 2000
        }
      ],
      "passes": [],
      "failures": [],
      "pending": [],
      "skipped": [],
      "duration": 0,
      "root": true,
      "rootEmpty": true,
      "_timeout": 2000
    },
    {
      "uuid": "f6c322d5-d317-42d4-adef-0c4520f1a61d",
      "title": "",
      "fullFile": "cypress\\e2e\\Nobi FrontEnd\\03-TC_Departments.js",
      "file": "cypress\\e2e\\Nobi FrontEnd\\03-TC_Departments.js",
      "beforeHooks": [],
      "afterHooks": [],
      "tests": [],
      "suites": [
        {
          "uuid": "befc5cb0-753e-4998-a21b-e43d84c3a552",
          "title": "Departments",
          "fullFile": "",
          "file": "",
          "beforeHooks": [],
          "afterHooks": [],
          "tests": [
            {
              "title": "Creation of a department",
              "fullTitle": "Departments Creation of a department",
              "timedOut": null,
              "duration": 8381,
              "state": "passed",
              "speed": "medium",
              "pass": true,
              "fail": false,
              "pending": false,
              "context": null,
              "code": "nobiLogin_PO.Menu(\"Departments\");\nnobiDepartments_PO.addDepartment();\nnobiDepartments_PO.addDepartmentInfo(\"My Second Department\" + r);\nnobiDepartments_PO.addWifiSecurityInfo(\"Open network\", \"hello\");\nnobiDepartments_PO.saveDepartment();\nnobiLogin_PO.MsgBox(\"Successfully added\");",
              "err": {},
              "uuid": "4eb010a0-34b9-473d-8ca3-6b851bb80410",
              "parentUUID": "befc5cb0-753e-4998-a21b-e43d84c3a552",
              "isHook": false,
              "skipped": false
            },
            {
              "title": "Edition of the department",
              "fullTitle": "Departments Edition of the department",
              "timedOut": null,
              "duration": 8704,
              "state": "passed",
              "speed": "medium",
              "pass": true,
              "fail": false,
              "pending": false,
              "context": null,
              "code": "nobiLogin_PO.Menu(\"Departments\");\ncy.contains(\"tr\", \"My Second Department\" + r).within(function () {\n  cy.contains(\"Edit\").click();\n});\ncy.get(\"#main-container\").find(\"h1\").contains(\"Department: My Second Department\");\ncy.get(\"#submit_btn\").click();\nnobiLogin_PO.MsgBox(\"Successfully updated\");",
              "err": {},
              "uuid": "843aa2ed-42d6-4133-989d-c769c3a068e4",
              "parentUUID": "befc5cb0-753e-4998-a21b-e43d84c3a552",
              "isHook": false,
              "skipped": false
            },
            {
              "title": "Deletion of a department but canceling it",
              "fullTitle": "Departments Deletion of a department but canceling it",
              "timedOut": null,
              "duration": 5238,
              "state": "passed",
              "speed": "medium",
              "pass": true,
              "fail": false,
              "pending": false,
              "context": null,
              "code": "// Find the table rows (tr elements)\nnobiLogin_PO.Menu(\"Departments\");\ncy.get(\".table-hover.table-vcenter tbody tr\").each(function (row, index) {\n  // Find td1 within the current row\n  cy.wrap(row).find(\"td:nth-child(1)\").invoke(\"text\").then(function (td1Text) {\n    if (td1Text === \"My Second Department\" + r) {\n      // Click on the element with data-method=\"delete\" within the corresponding td3\n      cy.wrap(row).find('td:nth-child(3) [data-method=\"delete\"]').click();\n    }\n  });\n});\ncy.get(\".swal2-popup\").should(\"be.visible\");\ncy.get(\"#swal2-title\").should(\"have.text\", \"Are you sure?\");\ncy.get(\".swal2-cancel\").should(\"have.text\", \"Cancel\").click();",
              "err": {},
              "uuid": "9bb552ad-56ec-4540-b283-c20187e51cf4",
              "parentUUID": "befc5cb0-753e-4998-a21b-e43d84c3a552",
              "isHook": false,
              "skipped": false
            },
            {
              "title": "Deletion of a department",
              "fullTitle": "Departments Deletion of a department",
              "timedOut": null,
              "duration": 8494,
              "state": "passed",
              "speed": "medium",
              "pass": true,
              "fail": false,
              "pending": false,
              "context": null,
              "code": "// Find the table rows (tr elements)\nnobiLogin_PO.Menu(\"Departments\");\ncy.get(\".table-hover.table-vcenter tbody tr\").each(function (row, index) {\n  // Find td1 within the current row\n  cy.wrap(row).find(\"td:nth-child(1)\").invoke(\"text\").then(function (td1Text) {\n    if (td1Text === \"My Second Department\" + r) {\n      // Click on the element with data-method=\"delete\" within the corresponding td3\n      cy.wrap(row).find('td:nth-child(3) [data-method=\"delete\"]').click();\n    }\n  });\n});\ncy.get(\".swal2-popup\").should(\"be.visible\");\ncy.get(\"#swal2-title\").should(\"have.text\", \"Are you sure?\");\ncy.get(\".swal2-confirm\").should(\"have.text\", \"Yes\").click();\nnobiLogin_PO.MsgBox(\"Successfully deleted\");",
              "err": {},
              "uuid": "a3dec7e4-b653-41b5-9795-6c9eee6aca9e",
              "parentUUID": "befc5cb0-753e-4998-a21b-e43d84c3a552",
              "isHook": false,
              "skipped": false
            }
          ],
          "suites": [],
          "passes": [
            "4eb010a0-34b9-473d-8ca3-6b851bb80410",
            "843aa2ed-42d6-4133-989d-c769c3a068e4",
            "9bb552ad-56ec-4540-b283-c20187e51cf4",
            "a3dec7e4-b653-41b5-9795-6c9eee6aca9e"
          ],
          "failures": [],
          "pending": [],
          "skipped": [],
          "duration": 30817,
          "root": false,
          "rootEmpty": false,
          "_timeout": 2000
        }
      ],
      "passes": [],
      "failures": [],
      "pending": [],
      "skipped": [],
      "duration": 0,
      "root": true,
      "rootEmpty": true,
      "_timeout": 2000
    },
    {
      "uuid": "e346eaf3-6564-4907-8731-a1fd2c0ad2eb",
      "title": "",
      "fullFile": "cypress\\e2e\\Nobi FrontEnd\\04-TC_Navigation.js",
      "file": "cypress\\e2e\\Nobi FrontEnd\\04-TC_Navigation.js",
      "beforeHooks": [],
      "afterHooks": [],
      "tests": [],
      "suites": [
        {
          "uuid": "0118cc94-3d24-4908-86e0-970dddb895ab",
          "title": "Navigation",
          "fullFile": "",
          "file": "",
          "beforeHooks": [],
          "afterHooks": [],
          "tests": [
            {
              "title": "Test description",
              "fullTitle": "Navigation Test description",
              "timedOut": null,
              "duration": 4826,
              "state": "passed",
              "speed": "fast",
              "pass": true,
              "fail": false,
              "pending": false,
              "context": null,
              "code": "nobiLogin_PO.Menu(\"Dashboard\");\ncy.get(\"#out_of_bed_filter\").contains(\"out of bed\");\ncy.get(\"#escalation_filter\").contains(\"escalation(s)\");\ncy.get(\"#alert_filter\").contains(\"warning(s)\");\nnobiLogin_PO.Menu(\"Escalations\");\ncy.get(\"#main-container\").find(\"h1\").contains(\"Escalations\");\nnobiLogin_PO.Menu(\"Sleep reports\");\ncy.get(\"#main-container\").find(\"h1\").contains(\"Sleep reports\");\nnobiLogin_PO.Menu(\"Technical alerts\");\ncy.get(\"#main-container\").find(\"h1\").contains(\"Technical alerts\");\nnobiLogin_PO.Menu(\"Monitoring events\");\ncy.get(\"#main-container\").find(\"h1\").contains(\"Monitoring events\");\nnobiLogin_PO.Menu(\"Residents\");\ncy.get(\"#main-container\").find(\"h1\").contains(\"Residents\");\nnobiLogin_PO.Menu(\"Housing units\");\ncy.get(\"#main-container\").find(\"h1\").contains(\"Housing units\");\nnobiLogin_PO.Menu(\"Departments\");\ncy.get(\"#main-container\").find(\"h1\").contains(\"Departments\");\nnobiLogin_PO.Menu(\"Users\");\ncy.get(\"#main-container\").find(\"h1\").contains(\"Users\");\nnobiLogin_PO.Menu(\"Site\");\ncy.get(\"#main-container\").find(\"h1\").contains(\"Site\");\nnobiLogin_PO.Menu(\"Integrations\");\ncy.get(\"#main-container\").find(\"h1\").contains(\"Integrations\");\nnobiLogin_PO.Menu(\"Change my profile\");\ncy.get(\"#main-container\").find(\"h1\").contains(\"Edit User\");",
              "err": {},
              "uuid": "a61c7144-2143-407e-9865-778bf445ac24",
              "parentUUID": "0118cc94-3d24-4908-86e0-970dddb895ab",
              "isHook": false,
              "skipped": false
            }
          ],
          "suites": [],
          "passes": [
            "a61c7144-2143-407e-9865-778bf445ac24"
          ],
          "failures": [],
          "pending": [],
          "skipped": [],
          "duration": 4826,
          "root": false,
          "rootEmpty": false,
          "_timeout": 2000
        }
      ],
      "passes": [],
      "failures": [],
      "pending": [],
      "skipped": [],
      "duration": 0,
      "root": true,
      "rootEmpty": true,
      "_timeout": 2000
    },
    {
      "uuid": "6fd6fe28-9017-48fd-a212-b2557744d216",
      "title": "",
      "fullFile": "cypress\\e2e\\Nobi FrontEnd\\05-TC_Navigation_Support.js",
      "file": "cypress\\e2e\\Nobi FrontEnd\\05-TC_Navigation_Support.js",
      "beforeHooks": [],
      "afterHooks": [],
      "tests": [],
      "suites": [
        {
          "uuid": "c17677d1-63dc-4c6d-a930-f50aff09fde8",
          "title": "Users Management",
          "fullFile": "",
          "file": "",
          "beforeHooks": [],
          "afterHooks": [],
          "tests": [
            {
              "title": "Go to contact support ",
              "fullTitle": "Users Management Go to contact support ",
              "timedOut": null,
              "duration": 5082,
              "state": "passed",
              "speed": "medium",
              "pass": true,
              "fail": false,
              "pending": false,
              "context": null,
              "code": "cy.get(\"#sidebar_toggle\").click();\nnobiLogin_PO.Menu(\"Contact support\");\ncy.get(\".modal-title\").should(\"be.visible\").should(\"have.text\", \"Contact Nobi for support\");\ncy.get(\".modal-footer\").contains(\"Close\").click();\ncy.get(\".modal-title\").should(\"not.be.visible\");",
              "err": {},
              "uuid": "e828c9b3-cf11-40e7-8e1f-8bd152978711",
              "parentUUID": "c17677d1-63dc-4c6d-a930-f50aff09fde8",
              "isHook": false,
              "skipped": false
            }
          ],
          "suites": [],
          "passes": [
            "e828c9b3-cf11-40e7-8e1f-8bd152978711"
          ],
          "failures": [],
          "pending": [],
          "skipped": [],
          "duration": 5082,
          "root": false,
          "rootEmpty": false,
          "_timeout": 2000
        }
      ],
      "passes": [],
      "failures": [],
      "pending": [],
      "skipped": [],
      "duration": 0,
      "root": true,
      "rootEmpty": true,
      "_timeout": 2000
    },
    {
      "uuid": "29bd4695-e595-4d3a-a93f-59f2d79edce1",
      "title": "",
      "fullFile": "cypress\\e2e\\Nobi FrontEnd\\06-TC_Housing_Units.js",
      "file": "cypress\\e2e\\Nobi FrontEnd\\06-TC_Housing_Units.js",
      "beforeHooks": [],
      "afterHooks": [],
      "tests": [],
      "suites": [
        {
          "uuid": "81bc2fbe-a017-4a1b-9503-977ee09b324a",
          "title": "test description",
          "fullFile": "",
          "file": "",
          "beforeHooks": [],
          "afterHooks": [],
          "tests": [
            {
              "title": "Create a Housing Unit",
              "fullTitle": "test description Create a Housing Unit",
              "timedOut": null,
              "duration": 8646,
              "state": "passed",
              "speed": "medium",
              "pass": true,
              "fail": false,
              "pending": false,
              "context": null,
              "code": "nobiLogin_PO.Menu(\"Housing units\");\nnobiHousingUnit_PO.addHousingUnit();\nnobiHousingUnit_PO.addHousingUnitInfo(\"Flat 0001\" + r, \"My Second Department\");\nnobiHousingUnit_PO.addWifiSecurityInfo(\"WPA Enterprise\", \"nobi\", \"nobi\", \"happiest\");\nnobiHousingUnit_PO.saveHousingUnit();\nnobiLogin_PO.MsgBox(\"Successfully added\");\ncy.contains(\"tr\", \"Flat 0001\" + r);",
              "err": {},
              "uuid": "d75ccd44-5e34-4df3-aba3-071f6d56fc81",
              "parentUUID": "81bc2fbe-a017-4a1b-9503-977ee09b324a",
              "isHook": false,
              "skipped": false
            },
            {
              "title": "Editing a Housing Unit",
              "fullTitle": "test description Editing a Housing Unit",
              "timedOut": null,
              "duration": 8516,
              "state": "passed",
              "speed": "medium",
              "pass": true,
              "fail": false,
              "pending": false,
              "context": null,
              "code": "nobiLogin_PO.Menu(\"Housing units\");\ncy.contains(\"tr\", \"Flat 0001\" + r).within(function () {\n  cy.contains(\"Edit\").click();\n});\nnobiHousingUnit_PO.saveHousingUnit();\nnobiLogin_PO.MsgBox(\"Successfully updated\");",
              "err": {},
              "uuid": "a83e1983-b9e3-4c40-9174-d30f21752d36",
              "parentUUID": "81bc2fbe-a017-4a1b-9503-977ee09b324a",
              "isHook": false,
              "skipped": false
            },
            {
              "title": "Deletion of the housing Unit but cancel it",
              "fullTitle": "test description Deletion of the housing Unit but cancel it",
              "timedOut": null,
              "duration": 5406,
              "state": "passed",
              "speed": "medium",
              "pass": true,
              "fail": false,
              "pending": false,
              "context": null,
              "code": "nobiLogin_PO.Menu(\"Housing units\");\ncy.get(\".table-hover.table-vcenter tbody tr\").each(function (row, index) {\n  // Find td1 within the current row\n  cy.wrap(row).find(\"td:nth-child(1)\").invoke(\"text\").then(function (td1Text) {\n    if (td1Text === \"Flat 0001\" + r) {\n      // Click on the element with data-method=\"delete\" within the corresponding td3\n      cy.wrap(row).find('td:nth-child(4) [data-method=\"delete\"]').click();\n    }\n  });\n});\ncy.get(\".swal2-popup\").should(\"be.visible\");\ncy.get(\"#swal2-title\").should(\"have.text\", \"Are you sure?\");\ncy.get(\".swal2-cancel\").should(\"have.text\", \"Cancel\").click();",
              "err": {},
              "uuid": "163684a7-69fb-45a4-9ffe-53bf40296006",
              "parentUUID": "81bc2fbe-a017-4a1b-9503-977ee09b324a",
              "isHook": false,
              "skipped": false
            },
            {
              "title": "Deletion of the housing Unit definitevely",
              "fullTitle": "test description Deletion of the housing Unit definitevely",
              "timedOut": null,
              "duration": 8087,
              "state": "passed",
              "speed": "medium",
              "pass": true,
              "fail": false,
              "pending": false,
              "context": null,
              "code": "nobiLogin_PO.Menu(\"Housing units\");\ncy.get(\".table-hover.table-vcenter tbody tr\").each(function (row, index) {\n  // Find td1 within the current row\n  cy.wrap(row).find(\"td:nth-child(1)\").invoke(\"text\").then(function (td1Text) {\n    if (td1Text === \"Flat 0001\" + r) {\n      // Click on the element with data-method=\"delete\" within the corresponding td3\n      cy.wrap(row).find('td:nth-child(4) [data-method=\"delete\"]').click();\n    }\n  });\n});\ncy.get(\".swal2-popup\").should(\"be.visible\");\ncy.get(\"#swal2-title\").should(\"have.text\", \"Are you sure?\");\ncy.get(\".swal2-confirm\").should(\"have.text\", \"Yes\").click();\nnobiLogin_PO.MsgBox(\"Successfully archived\");",
              "err": {},
              "uuid": "b85b9fa5-595c-42c3-a38d-edd953711496",
              "parentUUID": "81bc2fbe-a017-4a1b-9503-977ee09b324a",
              "isHook": false,
              "skipped": false
            }
          ],
          "suites": [],
          "passes": [
            "d75ccd44-5e34-4df3-aba3-071f6d56fc81",
            "a83e1983-b9e3-4c40-9174-d30f21752d36",
            "163684a7-69fb-45a4-9ffe-53bf40296006",
            "b85b9fa5-595c-42c3-a38d-edd953711496"
          ],
          "failures": [],
          "pending": [],
          "skipped": [],
          "duration": 30655,
          "root": false,
          "rootEmpty": false,
          "_timeout": 2000
        }
      ],
      "passes": [],
      "failures": [],
      "pending": [],
      "skipped": [],
      "duration": 0,
      "root": true,
      "rootEmpty": true,
      "_timeout": 2000
    }
  ],
  "meta": {
    "mocha": {
      "version": "7.0.1"
    },
    "mochawesome": {
      "options": {
        "quiet": false,
        "reportFilename": "mochawesome",
        "saveHtml": false,
        "saveJson": true,
        "consoleReporter": "spec",
        "useInlineDiffs": false,
        "code": true
      },
      "version": "7.1.3"
    },
    "marge": {
      "options": {
        "id": "default",
        "reportDir": "cypress/results/mochawesome",
        "quite": true,
        "overwrite": false,
        "html": false,
        "json": true
      },
      "version": "6.2.0"
    }
  }
}